

Started GET "/" for 192.168.0.13 at 2014-11-22 14:08:44 +0000
Processing by Rails::WelcomeController#index as HTML
  Rendered /home/vagrant/.rbenv/versions/2.0.0-p353/lib/ruby/gems/2.0.0/gems/railties-4.1.4/lib/rails/templates/rails/welcome/index.html.erb (2.1ms)
Completed 200 OK in 30ms (Views: 13.5ms | ActiveRecord: 0.0ms)


Started GET "/users" for 192.168.0.13 at 2014-11-22 14:17:46 +0000

ActiveRecord::PendingMigrationError (

Migrations are pending. To resolve this issue, run:

	bin/rake db:migrate RAILS_ENV=development

):
  activerecord (4.1.4) lib/active_record/migration.rb:389:in `check_pending!'
  activerecord (4.1.4) lib/active_record/migration.rb:377:in `call'
  actionpack (4.1.4) lib/action_dispatch/middleware/callbacks.rb:29:in `block in call'
  activesupport (4.1.4) lib/active_support/callbacks.rb:82:in `run_callbacks'
  actionpack (4.1.4) lib/action_dispatch/middleware/callbacks.rb:27:in `call'
  actionpack (4.1.4) lib/action_dispatch/middleware/reloader.rb:73:in `call'
  actionpack (4.1.4) lib/action_dispatch/middleware/remote_ip.rb:76:in `call'
  actionpack (4.1.4) lib/action_dispatch/middleware/debug_exceptions.rb:17:in `call'
  actionpack (4.1.4) lib/action_dispatch/middleware/show_exceptions.rb:30:in `call'
  railties (4.1.4) lib/rails/rack/logger.rb:38:in `call_app'
  railties (4.1.4) lib/rails/rack/logger.rb:20:in `block in call'
  activesupport (4.1.4) lib/active_support/tagged_logging.rb:68:in `block in tagged'
  activesupport (4.1.4) lib/active_support/tagged_logging.rb:26:in `tagged'
  activesupport (4.1.4) lib/active_support/tagged_logging.rb:68:in `tagged'
  railties (4.1.4) lib/rails/rack/logger.rb:20:in `call'
  actionpack (4.1.4) lib/action_dispatch/middleware/request_id.rb:21:in `call'
  rack (1.5.2) lib/rack/methodoverride.rb:21:in `call'
  rack (1.5.2) lib/rack/runtime.rb:17:in `call'
  activesupport (4.1.4) lib/active_support/cache/strategy/local_cache_middleware.rb:26:in `call'
  rack (1.5.2) lib/rack/lock.rb:17:in `call'
  actionpack (4.1.4) lib/action_dispatch/middleware/static.rb:64:in `call'
  rack (1.5.2) lib/rack/sendfile.rb:112:in `call'
  railties (4.1.4) lib/rails/engine.rb:514:in `call'
  railties (4.1.4) lib/rails/application.rb:144:in `call'
  rack (1.5.2) lib/rack/lock.rb:17:in `call'
  rack (1.5.2) lib/rack/content_length.rb:14:in `call'
  rack (1.5.2) lib/rack/handler/webrick.rb:60:in `service'
  /home/vagrant/.rbenv/versions/2.0.0-p353/lib/ruby/2.0.0/webrick/httpserver.rb:138:in `service'
  /home/vagrant/.rbenv/versions/2.0.0-p353/lib/ruby/2.0.0/webrick/httpserver.rb:94:in `run'
  /home/vagrant/.rbenv/versions/2.0.0-p353/lib/ruby/2.0.0/webrick/server.rb:295:in `block in start_thread'


  Rendered /home/vagrant/.rbenv/versions/2.0.0-p353/lib/ruby/gems/2.0.0/gems/actionpack-4.1.4/lib/action_dispatch/middleware/templates/rescues/_source.erb (0.6ms)
  Rendered /home/vagrant/.rbenv/versions/2.0.0-p353/lib/ruby/gems/2.0.0/gems/actionpack-4.1.4/lib/action_dispatch/middleware/templates/rescues/_trace.html.erb (0.7ms)
  Rendered /home/vagrant/.rbenv/versions/2.0.0-p353/lib/ruby/gems/2.0.0/gems/actionpack-4.1.4/lib/action_dispatch/middleware/templates/rescues/_request_and_response.html.erb (1.1ms)
  Rendered /home/vagrant/.rbenv/versions/2.0.0-p353/lib/ruby/gems/2.0.0/gems/actionpack-4.1.4/lib/action_dispatch/middleware/templates/rescues/diagnostics.erb within rescues/layout (21.2ms)
  [1m[36m (12.8ms)[0m  [1mCREATE TABLE "schema_migrations" ("version" varchar(255) NOT NULL) [0m
  [1m[35m (0.2ms)[0m  select sqlite_version(*)
  [1m[36m (2.1ms)[0m  [1mCREATE UNIQUE INDEX "unique_schema_migrations" ON "schema_migrations" ("version")[0m
  [1m[35mActiveRecord::SchemaMigration Load (0.1ms)[0m  SELECT "schema_migrations".* FROM "schema_migrations"
Migrating to CreateUsers (20141122141705)
  [1m[36m (0.1ms)[0m  [1mbegin transaction[0m
  [1m[35m (0.4ms)[0m  CREATE TABLE "users" ("id" INTEGER PRIMARY KEY AUTOINCREMENT NOT NULL, "name" varchar(255), "score" integer, "created_at" datetime, "updated_at" datetime) 
  [1m[36mSQL (0.2ms)[0m  [1mINSERT INTO "schema_migrations" ("version") VALUES (?)[0m  [["version", "20141122141705"]]
  [1m[35m (3.5ms)[0m  commit transaction
  [1m[36mActiveRecord::SchemaMigration Load (0.1ms)[0m  [1mSELECT "schema_migrations".* FROM "schema_migrations"[0m


Started GET "/users" for 192.168.0.13 at 2014-11-22 14:18:48 +0000
  [1m[36mActiveRecord::SchemaMigration Load (0.1ms)[0m  [1mSELECT "schema_migrations".* FROM "schema_migrations"[0m
Processing by UsersController#index as HTML
  [1m[35mUser Load (0.2ms)[0m  SELECT "users".* FROM "users"
  Rendered users/index.html.erb within layouts/application (3.7ms)
Completed 200 OK in 358ms (Views: 337.7ms | ActiveRecord: 0.2ms)


Started GET "/assets/scaffolds.css?body=1" for 192.168.0.13 at 2014-11-22 14:18:49 +0000


Started GET "/assets/users.css?body=1" for 192.168.0.13 at 2014-11-22 14:18:49 +0000


Started GET "/assets/jquery_ujs.js?body=1" for 192.168.0.13 at 2014-11-22 14:18:49 +0000


Started GET "/assets/turbolinks.js?body=1" for 192.168.0.13 at 2014-11-22 14:18:49 +0000


Started GET "/assets/jquery.js?body=1" for 192.168.0.13 at 2014-11-22 14:18:49 +0000


Started GET "/assets/users.js?body=1" for 192.168.0.13 at 2014-11-22 14:18:49 +0000


Started GET "/assets/application.css?body=1" for 192.168.0.13 at 2014-11-22 14:18:49 +0000


Started GET "/assets/application.js?body=1" for 192.168.0.13 at 2014-11-22 14:18:49 +0000


Started GET "/users/new" for 192.168.0.13 at 2014-11-22 14:19:09 +0000
Processing by UsersController#new as HTML
  Rendered users/_form.html.erb (33.5ms)
  Rendered users/new.html.erb within layouts/application (37.5ms)
Completed 200 OK in 72ms (Views: 69.0ms | ActiveRecord: 1.3ms)


Started POST "/users" for 192.168.0.13 at 2014-11-22 14:19:24 +0000
Processing by UsersController#create as HTML
  Parameters: {"utf8"=>"✓", "authenticity_token"=>"gp5+p+f6orWrZGqEZS776JU2Tu74XUampAipWq4FJs8=", "user"=>{"name"=>"mizukami", "score"=>"89"}, "commit"=>"Create User"}
  [1m[36m (0.2ms)[0m  [1mbegin transaction[0m
  [1m[35mSQL (0.3ms)[0m  INSERT INTO "users" ("created_at", "name", "score", "updated_at") VALUES (?, ?, ?, ?)  [["created_at", "2014-11-22 14:19:24.806245"], ["name", "mizukami"], ["score", 89], ["updated_at", "2014-11-22 14:19:24.806245"]]
  [1m[36m (3.4ms)[0m  [1mcommit transaction[0m
Redirected to http://192.168.0.17:3000/users/1
Completed 302 Found in 12ms (ActiveRecord: 4.0ms)


Started GET "/users/1" for 192.168.0.13 at 2014-11-22 14:19:24 +0000
Processing by UsersController#show as HTML
  Parameters: {"id"=>"1"}
  [1m[35mUser Load (0.3ms)[0m  SELECT  "users".* FROM "users"  WHERE "users"."id" = ? LIMIT 1  [["id", 1]]
  Rendered users/show.html.erb within layouts/application (1.1ms)
Completed 200 OK in 68ms (Views: 65.0ms | ActiveRecord: 0.3ms)


Started GET "/assets/users.css?body=1" for 192.168.0.13 at 2014-11-22 14:19:24 +0000


Started GET "/assets/jquery.js?body=1" for 192.168.0.13 at 2014-11-22 14:19:24 +0000


Started GET "/assets/users.js?body=1" for 192.168.0.13 at 2014-11-22 14:19:24 +0000


Started GET "/assets/application.js?body=1" for 192.168.0.13 at 2014-11-22 14:19:24 +0000


Started GET "/assets/turbolinks.js?body=1" for 192.168.0.13 at 2014-11-22 14:19:24 +0000


Started GET "/assets/jquery_ujs.js?body=1" for 192.168.0.13 at 2014-11-22 14:19:24 +0000


Started GET "/assets/scaffolds.css?body=1" for 192.168.0.13 at 2014-11-22 14:19:24 +0000


Started GET "/assets/application.css?body=1" for 192.168.0.13 at 2014-11-22 14:19:24 +0000


Started GET "/users" for 192.168.0.13 at 2014-11-22 14:19:53 +0000
Processing by UsersController#index as HTML
  [1m[36mUser Load (0.1ms)[0m  [1mSELECT "users".* FROM "users"[0m
  Rendered users/index.html.erb within layouts/application (1.8ms)
Completed 200 OK in 34ms (Views: 32.6ms | ActiveRecord: 0.1ms)


Started GET "/assets/jquery_ujs.js?body=1" for 192.168.0.13 at 2014-11-22 14:19:53 +0000


Started GET "/assets/application.js?body=1" for 192.168.0.13 at 2014-11-22 14:19:53 +0000


Started GET "/assets/turbolinks.js?body=1" for 192.168.0.13 at 2014-11-22 14:19:53 +0000


Started GET "/assets/jquery.js?body=1" for 192.168.0.13 at 2014-11-22 14:19:53 +0000


Started GET "/assets/scaffolds.css?body=1" for 192.168.0.13 at 2014-11-22 14:19:53 +0000


Started GET "/assets/application.css?body=1" for 192.168.0.13 at 2014-11-22 14:19:53 +0000


Started GET "/assets/users.css?body=1" for 192.168.0.13 at 2014-11-22 14:19:53 +0000


Started GET "/assets/users.js?body=1" for 192.168.0.13 at 2014-11-22 14:19:53 +0000


Started DELETE "/users/1" for 192.168.0.13 at 2014-11-22 14:20:03 +0000
Processing by UsersController#destroy as HTML
  Parameters: {"authenticity_token"=>"gp5+p+f6orWrZGqEZS776JU2Tu74XUampAipWq4FJs8=", "id"=>"1"}
  [1m[35mUser Load (0.1ms)[0m  SELECT  "users".* FROM "users"  WHERE "users"."id" = ? LIMIT 1  [["id", 1]]
  [1m[36m (0.1ms)[0m  [1mbegin transaction[0m
  [1m[35mSQL (0.5ms)[0m  DELETE FROM "users" WHERE "users"."id" = ?  [["id", 1]]
  [1m[36m (1.5ms)[0m  [1mcommit transaction[0m
Redirected to http://192.168.0.17:3000/users
Completed 302 Found in 7ms (ActiveRecord: 2.2ms)


Started GET "/users" for 192.168.0.13 at 2014-11-22 14:20:03 +0000
Processing by UsersController#index as HTML
  [1m[35mUser Load (0.2ms)[0m  SELECT "users".* FROM "users"
  Rendered users/index.html.erb within layouts/application (1.2ms)
Completed 200 OK in 34ms (Views: 32.3ms | ActiveRecord: 0.2ms)


Started GET "/assets/users.css?body=1" for 192.168.0.13 at 2014-11-22 14:20:03 +0000


Started GET "/assets/application.css?body=1" for 192.168.0.13 at 2014-11-22 14:20:03 +0000


Started GET "/assets/turbolinks.js?body=1" for 192.168.0.13 at 2014-11-22 14:20:03 +0000


Started GET "/assets/jquery_ujs.js?body=1" for 192.168.0.13 at 2014-11-22 14:20:03 +0000


Started GET "/assets/jquery.js?body=1" for 192.168.0.13 at 2014-11-22 14:20:03 +0000


Started GET "/assets/scaffolds.css?body=1" for 192.168.0.13 at 2014-11-22 14:20:03 +0000


Started GET "/assets/users.js?body=1" for 192.168.0.13 at 2014-11-22 14:20:03 +0000


Started GET "/assets/application.js?body=1" for 192.168.0.13 at 2014-11-22 14:20:03 +0000


Started GET "/" for 192.168.0.6 at 2015-04-04 12:18:23 +0000
  [1m[36mActiveRecord::SchemaMigration Load (0.1ms)[0m  [1mSELECT "schema_migrations".* FROM "schema_migrations"[0m
Processing by Rails::WelcomeController#index as HTML
  Rendered /home/vagrant/.rbenv/versions/2.0.0-p353/lib/ruby/gems/2.0.0/gems/railties-4.1.4/lib/rails/templates/rails/welcome/index.html.erb (3.4ms)
Completed 200 OK in 32ms (Views: 14.1ms | ActiveRecord: 0.0ms)


Started GET "/rails/info/properties" for 192.168.0.6 at 2015-04-04 12:18:58 +0000
Processing by Rails::InfoController#properties as HTML
  [1m[35mActiveRecord::SchemaMigration Load (0.2ms)[0m  SELECT "schema_migrations".* FROM "schema_migrations"
  Rendered /home/vagrant/.rbenv/versions/2.0.0-p353/lib/ruby/gems/2.0.0/gems/railties-4.1.4/lib/rails/templates/rails/info/properties.html.erb (0.8ms)
Completed 200 OK in 18ms (Views: 9.6ms | ActiveRecord: 0.6ms)


Started GET "/" for 192.168.0.6 at 2015-04-04 12:45:11 +0000
Processing by Rails::WelcomeController#index as HTML
  Rendered /home/vagrant/.rbenv/versions/2.0.0-p353/lib/ruby/gems/2.0.0/gems/railties-4.1.4/lib/rails/templates/rails/welcome/index.html.erb (0.7ms)
Completed 200 OK in 2ms (Views: 1.6ms | ActiveRecord: 0.0ms)


Started GET "/" for 192.168.0.6 at 2015-04-04 12:45:12 +0000
Processing by Rails::WelcomeController#index as HTML
  Rendered /home/vagrant/.rbenv/versions/2.0.0-p353/lib/ruby/gems/2.0.0/gems/railties-4.1.4/lib/rails/templates/rails/welcome/index.html.erb (0.1ms)
Completed 200 OK in 2ms (Views: 2.0ms | ActiveRecord: 0.0ms)
